Added Component: Designator=C?(C0603)
Added Component: Designator=P1(HDR2X3)
Added Component: Designator=P?(HDR1X4)
Added Component: Designator=R2(R0603)
Added Component: Designator=R?(AXIAL-0.4)
Added Component: Designator=SW?(KEY-SMT)
Added Component: Designator=U1(Micro_USB)
Added Component: Designator=U2(SOT-23-5)
Added Component: Designator=U3(Micro_USB)
Added Component: Designator=U4(48P)
Added Component: Designator=Y1(XTAL1)
Added Component: Designator=Y2(XTAL1)
Added Pin To Net: NetName=BOOT0 Pin=U4-44
Added Net: Name=BOOT0
Added Pin To Net: NetName=BOOT1 Pin=U4-20
Added Net: Name=BOOT1
Added Pin To Net: NetName=GND Pin=U4-8
Added Pin To Net: NetName=GND Pin=U4-23
Added Pin To Net: NetName=GND Pin=U4-35
Added Pin To Net: NetName=GND Pin=U4-47
Added Net: Name=GND
Added Pin To Net: NetName=OSCIN Pin=U4-5
Added Net: Name=OSCIN
Added Pin To Net: NetName=OSCOUT Pin=U4-6
Added Net: Name=OSCOUT
Added Pin To Net: NetName=PA0 Pin=U4-10
Added Net: Name=PA0
Added Pin To Net: NetName=PA1 Pin=U4-11
Added Net: Name=PA1
Added Pin To Net: NetName=PA2 Pin=U4-12
Added Net: Name=PA2
Added Pin To Net: NetName=PA3 Pin=U4-13
Added Net: Name=PA3
Added Pin To Net: NetName=PA4 Pin=U4-14
Added Net: Name=PA4
Added Pin To Net: NetName=PA5 Pin=U4-15
Added Net: Name=PA5
Added Pin To Net: NetName=PA6 Pin=U4-16
Added Net: Name=PA6
Added Pin To Net: NetName=PA7 Pin=U4-17
Added Net: Name=PA7
Added Pin To Net: NetName=PA8 Pin=U4-29
Added Net: Name=PA8
Added Pin To Net: NetName=PA9 Pin=U4-30
Added Net: Name=PA9
Added Pin To Net: NetName=PA10 Pin=U4-31
Added Net: Name=PA10
Added Pin To Net: NetName=PA11 Pin=U4-32
Added Net: Name=PA11
Added Pin To Net: NetName=PA12 Pin=U4-33
Added Net: Name=PA12
Added Pin To Net: NetName=PA15 Pin=U4-38
Added Net: Name=PA15
Added Pin To Net: NetName=PB0 Pin=U4-18
Added Net: Name=PB0
Added Pin To Net: NetName=PB1 Pin=U4-19
Added Net: Name=PB1
Added Pin To Net: NetName=PB3 Pin=U4-39
Added Net: Name=PB3
Added Pin To Net: NetName=PB4 Pin=U4-40
Added Net: Name=PB4
Added Pin To Net: NetName=PB5 Pin=U4-41
Added Net: Name=PB5
Added Pin To Net: NetName=PB6 Pin=U4-42
Added Net: Name=PB6
Added Pin To Net: NetName=PB7 Pin=U4-43
Added Net: Name=PB7
Added Pin To Net: NetName=PB8 Pin=U4-45
Added Net: Name=PB8
Added Pin To Net: NetName=PB9 Pin=U4-46
Added Net: Name=PB9
Added Pin To Net: NetName=PB10 Pin=U4-21
Added Net: Name=PB10
Added Pin To Net: NetName=PB11 Pin=U4-22
Added Net: Name=PB11
Added Pin To Net: NetName=PB12 Pin=U4-25
Added Net: Name=PB12
Added Pin To Net: NetName=PB13 Pin=U4-26
Added Net: Name=PB13
Added Pin To Net: NetName=PB14 Pin=U4-27
Added Net: Name=PB14
Added Pin To Net: NetName=PB15 Pin=U4-28
Added Net: Name=PB15
Added Pin To Net: NetName=PC13 Pin=U4-2
Added Net: Name=PC13
Added Pin To Net: NetName=PC14 Pin=U4-3
Added Net: Name=PC14
Added Pin To Net: NetName=PC15 Pin=U4-4
Added Net: Name=PC15
Added Pin To Net: NetName=RESET Pin=U4-7
Added Net: Name=RESET
Added Pin To Net: NetName=SWCLK Pin=U4-37
Added Net: Name=SWCLK
Added Pin To Net: NetName=SWIO Pin=U4-34
Added Net: Name=SWIO
Added Pin To Net: NetName=VBAT Pin=U4-1
Added Net: Name=VBAT
Added Pin To Net: NetName=VCC3V3 Pin=U4-9
Added Pin To Net: NetName=VCC3V3 Pin=U4-24
Added Pin To Net: NetName=VCC3V3 Pin=U4-36
Added Pin To Net: NetName=VCC3V3 Pin=U4-48
Added Net: Name=VCC3V3
Added Class: Name=quads
Added Room: Name=quads
