Added Component: Designator=2307_IN(HDR1X5)
Added Component: Designator=2307_OUT(HDR1X5)
Added Component: Designator=C13(C0805tan)
Added Component: Designator=C14(C0805tan)
Added Component: Designator=C15(C0805tan)
Added Component: Designator=C16(C0805tan)
Added Component: Designator=D1(SMB)
Added Component: Designator=D2(SMB)
Added Component: Designator=D3(SMB)
Added Component: Designator=D4(SMB)
Added Component: Designator=ESP8266(HDR2X4)
Added Component: Designator=M1(HDR1X2)
Added Component: Designator=M2(HDR1X2)
Added Component: Designator=M3(HDR1X2)
Added Component: Designator=M4(HDR1X2)
Added Component: Designator=MPU_L(HDR1X4)
Added Component: Designator=MPU_R(HDR1X4)
Added Component: Designator=Q1(SOT23_N)
Added Component: Designator=Q2(SOT23_N)
Added Component: Designator=Q3(SOT23_N)
Added Component: Designator=Q4(SOT23_N)
Added Component: Designator=R6(C0805tan)
Added Component: Designator=R7(C0805tan)
Added Component: Designator=R8(C0805tan)
Added Component: Designator=R9(C0805tan)
Added Component: Designator=S?(DPDT-6)
Added Pin To Net: NetName=PB0 Pin=Q1-2
Added Pin To Net: NetName=GND Pin=Q1-3
Added Pin To Net: NetName=PB0 Pin=Q2-2
Added Pin To Net: NetName=GND Pin=Q2-3
Added Pin To Net: NetName=PB0 Pin=Q3-2
Added Pin To Net: NetName=GND Pin=Q3-3
Added Pin To Net: NetName=PB0 Pin=Q4-2
Added Pin To Net: NetName=GND Pin=Q4-3
Added Pin To Net: NetName=GND Pin=R6-1
Added Pin To Net: NetName=PB0 Pin=R6-2
Added Pin To Net: NetName=GND Pin=R7-1
Added Pin To Net: NetName=PB0 Pin=R7-2
Added Pin To Net: NetName=GND Pin=R8-1
Added Pin To Net: NetName=PB0 Pin=R8-2
Added Pin To Net: NetName=GND Pin=R9-1
Added Pin To Net: NetName=PB0 Pin=R9-2
Added Pin To Net: NetName=NetC13_2 Pin=C13-2
Added Pin To Net: NetName=NetC13_2 Pin=D1-1
Added Pin To Net: NetName=NetC13_2 Pin=M1-2
Added Pin To Net: NetName=NetC13_2 Pin=Q1-1
Added Net: Name=NetC13_2
Added Pin To Net: NetName=NetC14_2 Pin=C14-2
Added Pin To Net: NetName=NetC14_2 Pin=D2-1
Added Pin To Net: NetName=NetC14_2 Pin=M2-2
Added Pin To Net: NetName=NetC14_2 Pin=Q2-1
Added Net: Name=NetC14_2
Added Pin To Net: NetName=NetC15_2 Pin=C15-2
Added Pin To Net: NetName=NetC15_2 Pin=D3-1
Added Pin To Net: NetName=NetC15_2 Pin=M3-2
Added Pin To Net: NetName=NetC15_2 Pin=Q3-1
Added Net: Name=NetC15_2
Added Pin To Net: NetName=NetC16_2 Pin=C16-2
Added Pin To Net: NetName=NetC16_2 Pin=D4-1
Added Pin To Net: NetName=NetC16_2 Pin=M4-2
Added Pin To Net: NetName=NetC16_2 Pin=Q4-1
Added Net: Name=NetC16_2
Added Pin To Net: NetName=VCC Pin=C13-1
Added Pin To Net: NetName=VCC Pin=C14-1
Added Pin To Net: NetName=VCC Pin=C15-1
Added Pin To Net: NetName=VCC Pin=C16-1
Added Pin To Net: NetName=VCC Pin=D1-2
Added Pin To Net: NetName=VCC Pin=D2-2
Added Pin To Net: NetName=VCC Pin=D3-2
Added Pin To Net: NetName=VCC Pin=D4-2
Added Pin To Net: NetName=VCC Pin=M1-1
Added Pin To Net: NetName=VCC Pin=M2-1
Added Pin To Net: NetName=VCC Pin=M3-1
Added Pin To Net: NetName=VCC Pin=M4-1
Added Net: Name=VCC
Added Member To Class: ClassName=quads Member=Component 2307_IN 2307_in
Added Member To Class: ClassName=quads Member=Component 2307_OUT 2307_out
Added Member To Class: ClassName=quads Member=Component C13 104,0805
Added Member To Class: ClassName=quads Member=Component C14 104,0805
Added Member To Class: ClassName=quads Member=Component C15 104,0805
Added Member To Class: ClassName=quads Member=Component C16 104,0805
Added Member To Class: ClassName=quads Member=Component D1 1N5824
Added Member To Class: ClassName=quads Member=Component D2 1N5824
Added Member To Class: ClassName=quads Member=Component D3 1N5824
Added Member To Class: ClassName=quads Member=Component D4 1N5824
Added Member To Class: ClassName=quads Member=Component ESP8266
Added Member To Class: ClassName=quads Member=Component M1 motor
Added Member To Class: ClassName=quads Member=Component M2 motor
Added Member To Class: ClassName=quads Member=Component M3 motor
Added Member To Class: ClassName=quads Member=Component M4 motor
Added Member To Class: ClassName=quads Member=Component MPU_L
Added Member To Class: ClassName=quads Member=Component MPU_R
Added Member To Class: ClassName=quads Member=Component Q1 AO3400
Added Member To Class: ClassName=quads Member=Component Q2 AO3400
Added Member To Class: ClassName=quads Member=Component Q3 AO3400
Added Member To Class: ClassName=quads Member=Component Q4 AO3400
Added Member To Class: ClassName=quads Member=Component R6 100K,0805
Added Member To Class: ClassName=quads Member=Component R7 100K,0805
Added Member To Class: ClassName=quads Member=Component R8 100K,0805
Added Member To Class: ClassName=quads Member=Component R9 100K,0805
Added Member To Class: ClassName=quads Member=Component S? SW-DPDT
