Removed Pin From Net: NetName=SW Pin=2307_IN-5
Removed Pin From Net: NetName=GND Pin=2307_OUT-1
Added Component: Designator=C11(C0805tan)
Added Component: Designator=R5(C0805tan)
Added Component: Designator=SW1(KEY-SMT)
Added Pin To Net: NetName=GND Pin=2307_IN-5
Added Pin To Net: NetName=SW Pin=2307_OUT-1
Added Pin To Net: NetName=GND Pin=C11-1
Added Pin To Net: NetName=RESET Pin=C11-2
Added Pin To Net: NetName=RESET Pin=R5-1
Added Pin To Net: NetName=VCC3V3 Pin=R5-2
Added Pin To Net: NetName=GND Pin=SW1-1
Added Pin To Net: NetName=GND Pin=SW1-1
Added Pin To Net: NetName=RESET Pin=SW1-2
Added Pin To Net: NetName=RESET Pin=SW1-2
Added Member To Class: ClassName=quads Member=Component C11 105,0805
Added Member To Class: ClassName=quads Member=Component MPU6050 MPU_R
Added Member To Class: ClassName=quads Member=Component MPU_L
Added Member To Class: ClassName=quads Member=Component R5 10K,0805
Added Member To Class: ClassName=quads Member=Component SW1 SW-PB_V
Added Room: Name=quads
