Added Component: Designator=C1(C0805tan)
Add component. Clean all parameters for all variants
Add component (AddParameter): Name = "LatestRevisionDate"; Value = "17-Jul-2002"; VariantName = "[No Variations]"
Add component (AddParameter): Name = "LatestRevisionNote"; Value = "Re-released for DXP Platform."; VariantName = "[No Variations]"
Add component (AddParameter): Name = "Published"; Value = "8-Jun-2000"; VariantName = "[No Variations]"
Add component (AddParameter): Name = "Publisher"; Value = "Altium Limited"; VariantName = "[No Variations]"
Add component (AddParameter): Name = "Value"; Value = "104"; VariantName = "[No Variations]"
Added Component: Designator=C2(C0805tan)
Add component. Clean all parameters for all variants
Add component (AddParameter): Name = "LatestRevisionDate"; Value = "17-Jul-2002"; VariantName = "[No Variations]"
Add component (AddParameter): Name = "LatestRevisionNote"; Value = "Re-released for DXP Platform."; VariantName = "[No Variations]"
Add component (AddParameter): Name = "Published"; Value = "8-Jun-2000"; VariantName = "[No Variations]"
Add component (AddParameter): Name = "Publisher"; Value = "Altium Limited"; VariantName = "[No Variations]"
Add component (AddParameter): Name = "Value"; Value = "104"; VariantName = "[No Variations]"
Added Component: Designator=C3(C0805tan)
Add component. Clean all parameters for all variants
Add component (AddParameter): Name = "LatestRevisionDate"; Value = "17-Jul-2002"; VariantName = "[No Variations]"
Add component (AddParameter): Name = "LatestRevisionNote"; Value = "Re-released for DXP Platform."; VariantName = "[No Variations]"
Add component (AddParameter): Name = "Published"; Value = "8-Jun-2000"; VariantName = "[No Variations]"
Add component (AddParameter): Name = "Publisher"; Value = "Altium Limited"; VariantName = "[No Variations]"
Add component (AddParameter): Name = "Value"; Value = "104"; VariantName = "[No Variations]"
Added Component: Designator=C4(C0805tan)
Add component. Clean all parameters for all variants
Add component (AddParameter): Name = "LatestRevisionDate"; Value = "17-Jul-2002"; VariantName = "[No Variations]"
Add component (AddParameter): Name = "LatestRevisionNote"; Value = "Re-released for DXP Platform."; VariantName = "[No Variations]"
Add component (AddParameter): Name = "Published"; Value = "8-Jun-2000"; VariantName = "[No Variations]"
Add component (AddParameter): Name = "Publisher"; Value = "Altium Limited"; VariantName = "[No Variations]"
Add component (AddParameter): Name = "Value"; Value = "104"; VariantName = "[No Variations]"
Added Component: Designator=P1(HDR2X3)
Add component. Clean all parameters for all variants
Add component (AddParameter): Name = "LatestRevisionDate"; Value = "17-Jul-2002"; VariantName = "[No Variations]"
Add component (AddParameter): Name = "LatestRevisionNote"; Value = "Re-released for DXP Platform."; VariantName = "[No Variations]"
Add component (AddParameter): Name = "Publisher"; Value = "Altium Limited"; VariantName = "[No Variations]"
Added Component: Designator=P?(HDR1X4)
Add component. Clean all parameters for all variants
Add component (AddParameter): Name = "LatestRevisionDate"; Value = "17-Jul-2002"; VariantName = "[No Variations]"
Add component (AddParameter): Name = "LatestRevisionNote"; Value = "Re-released for DXP Platform."; VariantName = "[No Variations]"
Add component (AddParameter): Name = "Publisher"; Value = "Altium Limited"; VariantName = "[No Variations]"
Added Component: Designator=R1(C0805)
Add component. Clean all parameters for all variants
Add component (AddParameter): Name = "LatestRevisionDate"; Value = "17-Jul-2002"; VariantName = "[No Variations]"
Add component (AddParameter): Name = "LatestRevisionNote"; Value = "Re-released for DXP Platform."; VariantName = "[No Variations]"
Add component (AddParameter): Name = "PackageDescription"; Value = "Axial Device, Thru-Hole; 2 Leads; 0.4 in Pin Spacing"; VariantName = "[No Variations]"
Add component (AddParameter): Name = "PackageReference"; Value = "AXIAL-0.4"; VariantName = "[No Variations]"
Add component (AddParameter): Name = "Published"; Value = "8-Jun-2000"; VariantName = "[No Variations]"
Add component (AddParameter): Name = "Publisher"; Value = "Altium Limited"; VariantName = "[No Variations]"
Add component (AddParameter): Name = "Value"; Value = "1M"; VariantName = "[No Variations]"
Added Component: Designator=SW?(KEY-SMT)
Add component. Clean all parameters for all variants
Added Component: Designator=U1(Micro_USB)
Add component. Clean all parameters for all variants
Added Component: Designator=U2(SOT-23-5)
Add component. Clean all parameters for all variants
Add component (AddParameter): Name = "ICA_MFR_NAME"; Value = "RICHTEK"; VariantName = "[No Variations]"
Add component (AddParameter): Name = "ICA_PARTNUM"; Value = "$$2191094$$RT9193-15CU5"; VariantName = "[No Variations]"
Add component (AddParameter): Name = "Part Number"; Value = "TMP-13"; VariantName = "[No Variations]"
Added Component: Designator=U4(48P)
Add component. Clean all parameters for all variants
Added Component: Designator=Y1(XTAL1)
Add component. Clean all parameters for all variants
Add component (AddParameter): Name = "LatestRevisionDate"; Value = "17-Jul-2002"; VariantName = "[No Variations]"
Add component (AddParameter): Name = "LatestRevisionNote"; Value = "Re-released for DXP Platform."; VariantName = "[No Variations]"
Add component (AddParameter): Name = "Published"; Value = "8-Jun-2000"; VariantName = "[No Variations]"
Add component (AddParameter): Name = "Publisher"; Value = "Altium Limited"; VariantName = "[No Variations]"
Added Component: Designator=Y2(XTAL1)
Add component. Clean all parameters for all variants
Add component (AddParameter): Name = "LatestRevisionDate"; Value = "17-Jul-2002"; VariantName = "[No Variations]"
Add component (AddParameter): Name = "LatestRevisionNote"; Value = "Re-released for DXP Platform."; VariantName = "[No Variations]"
Add component (AddParameter): Name = "Published"; Value = "8-Jun-2000"; VariantName = "[No Variations]"
Add component (AddParameter): Name = "Publisher"; Value = "Altium Limited"; VariantName = "[No Variations]"
Added Pin To Net: NetName=GND Pin=C1-1
Added Pin To Net: NetName=PC14 Pin=C1-2
Added Pin To Net: NetName=GND Pin=C2-1
Added Pin To Net: NetName=PC15 Pin=C2-2
Added Pin To Net: NetName=GND Pin=C3-1
Added Pin To Net: NetName=OSCIN Pin=C3-2
Added Pin To Net: NetName=GND Pin=C4-1
Added Pin To Net: NetName=OSCOUT Pin=C4-2
Added Pin To Net: NetName=OSCOUT Pin=R1-1
Added Pin To Net: NetName=OSCIN Pin=R1-2
Added Pin To Net: NetName=VBAT Pin=U4-1
Added Pin To Net: NetName=PC13 Pin=U4-2
Added Pin To Net: NetName=PC14 Pin=U4-3
Added Pin To Net: NetName=PC15 Pin=U4-4
Added Pin To Net: NetName=OSCIN Pin=U4-5
Added Pin To Net: NetName=OSCOUT Pin=U4-6
Added Pin To Net: NetName=RESET Pin=U4-7
Added Pin To Net: NetName=GND Pin=U4-8
Added Pin To Net: NetName=VCC3V3 Pin=U4-9
Added Pin To Net: NetName=PA0 Pin=U4-10
Added Pin To Net: NetName=PA1 Pin=U4-11
Added Pin To Net: NetName=PA2 Pin=U4-12
Added Pin To Net: NetName=PA3 Pin=U4-13
Added Pin To Net: NetName=PA4 Pin=U4-14
Added Pin To Net: NetName=PA5 Pin=U4-15
Added Pin To Net: NetName=PA6 Pin=U4-16
Added Pin To Net: NetName=PA7 Pin=U4-17
Added Pin To Net: NetName=PB0 Pin=U4-18
Added Pin To Net: NetName=PB1 Pin=U4-19
Added Pin To Net: NetName=BOOT1 Pin=U4-20
Added Pin To Net: NetName=PB10 Pin=U4-21
Added Pin To Net: NetName=PB11 Pin=U4-22
Added Pin To Net: NetName=GND Pin=U4-23
Added Pin To Net: NetName=VCC3V3 Pin=U4-24
Added Pin To Net: NetName=PB12 Pin=U4-25
Added Pin To Net: NetName=PB13 Pin=U4-26
Added Pin To Net: NetName=PB14 Pin=U4-27
Added Pin To Net: NetName=PB15 Pin=U4-28
Added Pin To Net: NetName=PA8 Pin=U4-29
Added Pin To Net: NetName=PA9 Pin=U4-30
Added Pin To Net: NetName=PA10 Pin=U4-31
Added Pin To Net: NetName=PA11 Pin=U4-32
Added Pin To Net: NetName=PA12 Pin=U4-33
Added Pin To Net: NetName=SWIO Pin=U4-34
Added Pin To Net: NetName=GND Pin=U4-35
Added Pin To Net: NetName=VCC3V3 Pin=U4-36
Added Pin To Net: NetName=SWCLK Pin=U4-37
Added Pin To Net: NetName=PA15 Pin=U4-38
Added Pin To Net: NetName=PB3 Pin=U4-39
Added Pin To Net: NetName=PB4 Pin=U4-40
Added Pin To Net: NetName=PB5 Pin=U4-41
Added Pin To Net: NetName=PB6 Pin=U4-42
Added Pin To Net: NetName=PB7 Pin=U4-43
Added Pin To Net: NetName=BOOT0 Pin=U4-44
Added Pin To Net: NetName=PB8 Pin=U4-45
Added Pin To Net: NetName=PB9 Pin=U4-46
Added Pin To Net: NetName=GND Pin=U4-47
Added Pin To Net: NetName=VCC3V3 Pin=U4-48
Added Pin To Net: NetName=PC15 Pin=Y1-1
Added Pin To Net: NetName=OSCOUT Pin=Y2-1
Added Pin To Net: NetName=OSCIN Pin=Y2-2
Added Member To Class: ClassName=quads Member=Component C1 20pF,0805
Added Member To Class: ClassName=quads Member=Component C2 20pF,0805
Added Member To Class: ClassName=quads Member=Component C3 20pF,0805
Added Member To Class: ClassName=quads Member=Component C4 20pF,0805
Added Member To Class: ClassName=quads Member=Component P1 Header 3X2
Added Member To Class: ClassName=quads Member=Component P? Header 4
Added Member To Class: ClassName=quads Member=Component R1 Res2
Added Member To Class: ClassName=quads Member=Component SW? SW-PB_V
Added Member To Class: ClassName=quads Member=Component U1 USB-mrico
Added Member To Class: ClassName=quads Member=Component U2 RT9193
Added Member To Class: ClassName=quads Member=Component U4 STM32F103C8T6
Added Member To Class: ClassName=quads Member=Component Y1 32.768K
Added Member To Class: ClassName=quads Member=Component Y2 8MHz
